[2024-03-19 22:43:27Z INFO HostContext] No proxy settings were found based on environmental variables (http_proxy/https_proxy/HTTP_PROXY/HTTPS_PROXY)
[2024-03-19 22:43:27Z INFO HostContext] Well known directory 'Bin': '/Users/oam/Downloads/School/Spring 2024/CSCI 3300/Software_Engineering_Project/actions-runner/bin'
[2024-03-19 22:43:27Z INFO HostContext] Well known directory 'Root': '/Users/oam/Downloads/School/Spring 2024/CSCI 3300/Software_Engineering_Project/actions-runner'
[2024-03-19 22:43:27Z INFO HostContext] Well known config file 'Credentials': '/Users/oam/Downloads/School/Spring 2024/CSCI 3300/Software_Engineering_Project/actions-runner/.credentials'
[2024-03-19 22:43:27Z INFO HostContext] Well known directory 'Bin': '/Users/oam/Downloads/School/Spring 2024/CSCI 3300/Software_Engineering_Project/actions-runner/bin'
[2024-03-19 22:43:27Z INFO HostContext] Well known directory 'Root': '/Users/oam/Downloads/School/Spring 2024/CSCI 3300/Software_Engineering_Project/actions-runner'
[2024-03-19 22:43:27Z INFO HostContext] Well known config file 'Runner': '/Users/oam/Downloads/School/Spring 2024/CSCI 3300/Software_Engineering_Project/actions-runner/.runner'
[2024-03-19 22:43:27Z INFO Listener] Runner is built for OSX (X64) - osx-x64.
[2024-03-19 22:43:27Z INFO Listener] RuntimeInformation: Darwin 22.6.0 Darwin Kernel Version 22.6.0: Wed Jul  5 22:17:35 PDT 2023; root:xnu-8796.141.3~6/RELEASE_ARM64_T8112.
[2024-03-19 22:43:27Z INFO Listener] Version: 2.314.1
[2024-03-19 22:43:27Z INFO Listener] Commit: 976290d966e6cc3e748a49bf8fdbe139ff764201
[2024-03-19 22:43:27Z INFO Listener] Culture: en-US
[2024-03-19 22:43:27Z INFO Listener] UI Culture: en-US
[2024-03-19 22:43:27Z INFO HostContext] Well known directory 'Bin': '/Users/oam/Downloads/School/Spring 2024/CSCI 3300/Software_Engineering_Project/actions-runner/bin'
[2024-03-19 22:43:27Z INFO HostContext] Well known directory 'Root': '/Users/oam/Downloads/School/Spring 2024/CSCI 3300/Software_Engineering_Project/actions-runner'
[2024-03-19 22:43:27Z INFO Listener] Validating directory permissions for: '/Users/oam/Downloads/School/Spring 2024/CSCI 3300/Software_Engineering_Project/actions-runner'
[2024-03-19 22:43:27Z INFO CommandLineParser] Parse
[2024-03-19 22:43:27Z INFO CommandLineParser] Parsing 5 args
[2024-03-19 22:43:27Z INFO CommandLineParser] parsing argument
[2024-03-19 22:43:27Z INFO CommandLineParser] HasArgs: False
[2024-03-19 22:43:27Z INFO CommandLineParser] Adding Command: configure
[2024-03-19 22:43:27Z INFO CommandLineParser] parsing argument
[2024-03-19 22:43:27Z INFO CommandLineParser] HasArgs: True
[2024-03-19 22:43:27Z INFO CommandLineParser] arg: url
[2024-03-19 22:43:27Z INFO CommandLineParser] parsing argument
[2024-03-19 22:43:27Z INFO CommandLineParser] HasArgs: True
[2024-03-19 22:43:27Z INFO CommandLineParser] Adding option 'url': 'https://github.com/oam67/Software_Engineering_Project'
[2024-03-19 22:43:27Z INFO CommandLineParser] parsing argument
[2024-03-19 22:43:27Z INFO CommandLineParser] HasArgs: True
[2024-03-19 22:43:27Z INFO CommandLineParser] arg: token
[2024-03-19 22:43:27Z INFO CommandLineParser] parsing argument
[2024-03-19 22:43:27Z INFO CommandLineParser] HasArgs: True
[2024-03-19 22:43:27Z INFO CommandLineParser] Adding option 'token': '***'
[2024-03-19 22:43:27Z INFO Listener] Arguments parsed
[2024-03-19 22:43:27Z INFO Runner] ExecuteCommand
[2024-03-19 22:43:27Z INFO ConfigurationStore] currentAssemblyLocation: /Users/oam/Downloads/School/Spring 2024/CSCI 3300/Software_Engineering_Project/actions-runner/bin/Runner.Listener.dll
[2024-03-19 22:43:27Z INFO HostContext] Well known directory 'Bin': '/Users/oam/Downloads/School/Spring 2024/CSCI 3300/Software_Engineering_Project/actions-runner/bin'
[2024-03-19 22:43:27Z INFO ConfigurationStore] binPath: /Users/oam/Downloads/School/Spring 2024/CSCI 3300/Software_Engineering_Project/actions-runner/bin
[2024-03-19 22:43:27Z INFO HostContext] Well known directory 'Bin': '/Users/oam/Downloads/School/Spring 2024/CSCI 3300/Software_Engineering_Project/actions-runner/bin'
[2024-03-19 22:43:27Z INFO HostContext] Well known directory 'Root': '/Users/oam/Downloads/School/Spring 2024/CSCI 3300/Software_Engineering_Project/actions-runner'
[2024-03-19 22:43:27Z INFO ConfigurationStore] RootFolder: /Users/oam/Downloads/School/Spring 2024/CSCI 3300/Software_Engineering_Project/actions-runner
[2024-03-19 22:43:27Z INFO HostContext] Well known directory 'Bin': '/Users/oam/Downloads/School/Spring 2024/CSCI 3300/Software_Engineering_Project/actions-runner/bin'
[2024-03-19 22:43:27Z INFO HostContext] Well known directory 'Root': '/Users/oam/Downloads/School/Spring 2024/CSCI 3300/Software_Engineering_Project/actions-runner'
[2024-03-19 22:43:27Z INFO HostContext] Well known config file 'Runner': '/Users/oam/Downloads/School/Spring 2024/CSCI 3300/Software_Engineering_Project/actions-runner/.runner'
[2024-03-19 22:43:27Z INFO ConfigurationStore] ConfigFilePath: /Users/oam/Downloads/School/Spring 2024/CSCI 3300/Software_Engineering_Project/actions-runner/.runner
[2024-03-19 22:43:27Z INFO HostContext] Well known directory 'Bin': '/Users/oam/Downloads/School/Spring 2024/CSCI 3300/Software_Engineering_Project/actions-runner/bin'
[2024-03-19 22:43:27Z INFO HostContext] Well known directory 'Root': '/Users/oam/Downloads/School/Spring 2024/CSCI 3300/Software_Engineering_Project/actions-runner'
[2024-03-19 22:43:27Z INFO HostContext] Well known config file 'Credentials': '/Users/oam/Downloads/School/Spring 2024/CSCI 3300/Software_Engineering_Project/actions-runner/.credentials'
[2024-03-19 22:43:27Z INFO ConfigurationStore] CredFilePath: /Users/oam/Downloads/School/Spring 2024/CSCI 3300/Software_Engineering_Project/actions-runner/.credentials
[2024-03-19 22:43:27Z INFO HostContext] Well known directory 'Bin': '/Users/oam/Downloads/School/Spring 2024/CSCI 3300/Software_Engineering_Project/actions-runner/bin'
[2024-03-19 22:43:27Z INFO HostContext] Well known directory 'Root': '/Users/oam/Downloads/School/Spring 2024/CSCI 3300/Software_Engineering_Project/actions-runner'
[2024-03-19 22:43:27Z INFO HostContext] Well known config file 'MigratedCredentials': '/Users/oam/Downloads/School/Spring 2024/CSCI 3300/Software_Engineering_Project/actions-runner/.credentials_migrated'
[2024-03-19 22:43:27Z INFO ConfigurationStore] MigratedCredFilePath: /Users/oam/Downloads/School/Spring 2024/CSCI 3300/Software_Engineering_Project/actions-runner/.credentials_migrated
[2024-03-19 22:43:27Z INFO HostContext] Well known directory 'Bin': '/Users/oam/Downloads/School/Spring 2024/CSCI 3300/Software_Engineering_Project/actions-runner/bin'
[2024-03-19 22:43:27Z INFO HostContext] Well known directory 'Root': '/Users/oam/Downloads/School/Spring 2024/CSCI 3300/Software_Engineering_Project/actions-runner'
[2024-03-19 22:43:27Z INFO HostContext] Well known config file 'Service': '/Users/oam/Downloads/School/Spring 2024/CSCI 3300/Software_Engineering_Project/actions-runner/.service'
[2024-03-19 22:43:27Z INFO ConfigurationStore] ServiceConfigFilePath: /Users/oam/Downloads/School/Spring 2024/CSCI 3300/Software_Engineering_Project/actions-runner/.service
[2024-03-19 22:43:27Z INFO CommandSettings] Flag 'help': 'False'
[2024-03-19 22:43:27Z INFO CommandSettings] Flag 'version': 'False'
[2024-03-19 22:43:27Z INFO CommandSettings] Flag 'commit': 'False'
[2024-03-19 22:43:27Z INFO CommandSettings] Flag 'check': 'False'
[2024-03-19 22:43:27Z INFO CommandSettings] Command 'configure': 'True'
[2024-03-19 22:43:27Z INFO Terminal] WRITE LINE: 
[2024-03-19 22:43:27Z INFO Terminal] WRITE LINE: --------------------------------------------------------------------------------
[2024-03-19 22:43:27Z INFO Terminal] WRITE LINE: |        ____ _ _   _   _       _          _        _   _                      |
[2024-03-19 22:43:27Z INFO Terminal] WRITE LINE: |       / ___(_) |_| | | |_   _| |__      / \   ___| |_(_) ___  _ __  ___      |
[2024-03-19 22:43:27Z INFO Terminal] WRITE LINE: |      | |  _| | __| |_| | | | | '_ \    / _ \ / __| __| |/ _ \| '_ \/ __|     |
[2024-03-19 22:43:27Z INFO Terminal] WRITE LINE: |      | |_| | | |_|  _  | |_| | |_) |  / ___ \ (__| |_| | (_) | | | \__ \     |
[2024-03-19 22:43:27Z INFO Terminal] WRITE LINE: |       \____|_|\__|_| |_|\__,_|_.__/  /_/   \_\___|\__|_|\___/|_| |_|___/     |
[2024-03-19 22:43:27Z INFO Terminal] WRITE LINE: |                                                                              |
[2024-03-19 22:43:27Z INFO Terminal] WRITE: |                       
[2024-03-19 22:43:27Z INFO Terminal] WRITE: Self-hosted runner registration
[2024-03-19 22:43:27Z INFO Terminal] WRITE LINE:                         |
[2024-03-19 22:43:27Z INFO Terminal] WRITE LINE: |                                                                              |
[2024-03-19 22:43:27Z INFO Terminal] WRITE LINE: --------------------------------------------------------------------------------
[2024-03-19 22:43:27Z INFO ConfigurationManager] ConfigureAsync
[2024-03-19 22:43:27Z INFO CommandSettings] Flag 'generateServiceConfig': 'False'
[2024-03-19 22:43:27Z INFO ConfigurationStore] IsConfigured()
[2024-03-19 22:43:27Z INFO ConfigurationStore] IsConfigured: False
[2024-03-19 22:43:27Z INFO ConfigurationManager] Is configured: False
[2024-03-19 22:43:27Z INFO CommandSettings] Arg 'url': 'https://github.com/oam67/Software_Engineering_Project'
[2024-03-19 22:43:27Z INFO CommandSettings] Remove url from Arg dictionary.
[2024-03-19 22:43:27Z INFO CommandSettings] Arg 'token': '***'
[2024-03-19 22:43:27Z INFO CommandSettings] Remove token from Arg dictionary.
[2024-03-19 22:43:29Z INFO ConfigurationManager] Http response code: OK from 'POST https://api.github.com/actions/runner-registration' (C320:5B4F:2C7BEBC:5384F4D:65FA1511)
[2024-03-19 22:43:30Z INFO ConfigurationManager] Using V2 flow: False
[2024-03-19 22:43:30Z INFO ConfigurationManager] cred retrieved via GitHub auth
[2024-03-19 22:43:30Z INFO RunnerServer] EstablishVssConnection
[2024-03-19 22:43:30Z INFO RunnerServer] Establish connection with 100 seconds timeout.
[2024-03-19 22:43:30Z INFO GitHubActionsService] Starting operation Location.GetConnectionData
[2024-03-19 22:43:30Z INFO RunnerServer] EstablishVssConnection
[2024-03-19 22:43:30Z INFO RunnerServer] Establish connection with 60 seconds timeout.
[2024-03-19 22:43:30Z INFO GitHubActionsService] Starting operation Location.GetConnectionData
[2024-03-19 22:43:30Z INFO RunnerServer] EstablishVssConnection
[2024-03-19 22:43:30Z INFO RunnerServer] Establish connection with 60 seconds timeout.
[2024-03-19 22:43:30Z INFO GitHubActionsService] Starting operation Location.GetConnectionData
[2024-03-19 22:43:33Z INFO GitHubActionsService] Finished operation Location.GetConnectionData
[2024-03-19 22:43:33Z INFO GitHubActionsService] Finished operation Location.GetConnectionData
[2024-03-19 22:43:33Z INFO GitHubActionsService] Finished operation Location.GetConnectionData
[2024-03-19 22:43:33Z INFO Terminal] WRITE LINE: 
[2024-03-19 22:43:33Z INFO ConfigurationManager] Test Connection complete.
[2024-03-19 22:43:33Z INFO HostContext] Well known directory 'Bin': '/Users/oam/Downloads/School/Spring 2024/CSCI 3300/Software_Engineering_Project/actions-runner/bin'
[2024-03-19 22:43:33Z INFO HostContext] Well known directory 'Root': '/Users/oam/Downloads/School/Spring 2024/CSCI 3300/Software_Engineering_Project/actions-runner'
[2024-03-19 22:43:33Z INFO HostContext] Well known config file 'RSACredentials': '/Users/oam/Downloads/School/Spring 2024/CSCI 3300/Software_Engineering_Project/actions-runner/.credentials_rsaparams'
[2024-03-19 22:43:33Z INFO RSAFileKeyManager] Creating new RSA key using 2048-bit key length
[2024-03-19 22:43:33Z INFO RSAFileKeyManager] Successfully saved RSA key parameters to file /Users/oam/Downloads/School/Spring 2024/CSCI 3300/Software_Engineering_Project/actions-runner/.credentials_rsaparams
[2024-03-19 22:43:33Z INFO RSAFileKeyManager] Which: 'chmod'
[2024-03-19 22:43:33Z INFO RSAFileKeyManager] Location: '/bin/chmod'
[2024-03-19 22:43:33Z INFO HostContext] Well known directory 'Bin': '/Users/oam/Downloads/School/Spring 2024/CSCI 3300/Software_Engineering_Project/actions-runner/bin'
[2024-03-19 22:43:33Z INFO HostContext] Well known directory 'Root': '/Users/oam/Downloads/School/Spring 2024/CSCI 3300/Software_Engineering_Project/actions-runner'
[2024-03-19 22:43:33Z INFO ProcessInvokerWrapper] Starting process:
[2024-03-19 22:43:33Z INFO ProcessInvokerWrapper]   File name: '/bin/chmod'
[2024-03-19 22:43:33Z INFO ProcessInvokerWrapper]   Arguments: '600 /Users/oam/Downloads/School/Spring 2024/CSCI 3300/Software_Engineering_Project/actions-runner/.credentials_rsaparams'
[2024-03-19 22:43:33Z INFO ProcessInvokerWrapper]   Working directory: '/Users/oam/Downloads/School/Spring 2024/CSCI 3300/Software_Engineering_Project/actions-runner'
[2024-03-19 22:43:33Z INFO ProcessInvokerWrapper]   Require exit code zero: 'False'
[2024-03-19 22:43:33Z INFO ProcessInvokerWrapper]   Encoding web name:  ; code page: ''
[2024-03-19 22:43:33Z INFO ProcessInvokerWrapper]   Force kill process on cancellation: 'False'
[2024-03-19 22:43:33Z INFO ProcessInvokerWrapper]   Redirected STDIN: 'False'
[2024-03-19 22:43:33Z INFO ProcessInvokerWrapper]   Persist current code page: 'False'
[2024-03-19 22:43:33Z INFO ProcessInvokerWrapper]   Keep redirected STDIN open: 'False'
[2024-03-19 22:43:33Z INFO ProcessInvokerWrapper]   High priority process: 'False'
[2024-03-19 22:43:33Z INFO ProcessInvokerWrapper] Process started with process id 68598, waiting for process exit.
[2024-03-19 22:43:33Z INFO ProcessInvokerWrapper] STDOUT/STDERR stream read finished.
[2024-03-19 22:43:33Z INFO ProcessInvokerWrapper] STDOUT/STDERR stream read finished.
[2024-03-19 22:43:33Z INFO ProcessInvokerWrapper] Finished process 68598 with exit code 1, and elapsed time 00:00:00.1223589.
[2024-03-19 22:43:33Z WARN RSAFileKeyManager] Unable to succesfully set permissions for RSA key parameters file /Users/oam/Downloads/School/Spring 2024/CSCI 3300/Software_Engineering_Project/actions-runner/.credentials_rsaparams. Received exit code 1 from /bin/chmod
[2024-03-19 22:43:33Z INFO CommandSettings] Arg 'runnergroup': ''
[2024-03-19 22:43:33Z INFO CommandSettings] Flag 'unattended': 'False'
[2024-03-19 22:43:33Z INFO PromptManager] ReadValue
[2024-03-19 22:43:33Z INFO Terminal] WRITE: Enter the name of the runner group to add this runner to: 
[2024-03-19 22:43:33Z INFO Terminal] WRITE: [press Enter for Default] 
[2024-03-19 22:43:33Z INFO Terminal] READ LINE
[2024-03-19 22:44:28Z INFO Terminal] Read value: ''
[2024-03-19 22:44:28Z INFO PromptManager] Falling back to the default: 'Default'
[2024-03-19 22:44:28Z INFO Terminal] WRITE LINE: 
[2024-03-19 22:44:28Z INFO ConfigurationManager] Found a self-hosted runner group with id 1 and name Default
[2024-03-19 22:44:28Z INFO CommandSettings] Flag 'disableupdate': 'False'
[2024-03-19 22:44:28Z INFO CommandSettings] Flag 'ephemeral': 'False'
[2024-03-19 22:44:28Z INFO CommandSettings] Arg 'name': ''
[2024-03-19 22:44:28Z INFO CommandSettings] Flag 'unattended': 'False'
[2024-03-19 22:44:28Z INFO PromptManager] ReadValue
[2024-03-19 22:44:28Z INFO Terminal] WRITE: Enter the name of runner: 
[2024-03-19 22:44:28Z INFO Terminal] WRITE: [press Enter for Oams-MacBook-Air] 
[2024-03-19 22:44:28Z INFO Terminal] READ LINE
[2024-03-19 22:44:43Z INFO Terminal] Read value: ''
[2024-03-19 22:44:43Z INFO PromptManager] Falling back to the default: 'Oams-MacBook-Air'
[2024-03-19 22:44:43Z INFO Terminal] WRITE LINE: 
[2024-03-19 22:44:43Z INFO CommandSettings] Arg 'labels': ''
[2024-03-19 22:44:43Z INFO CommandSettings] Flag 'unattended': 'False'
[2024-03-19 22:44:43Z INFO PromptManager] ReadValue
[2024-03-19 22:44:43Z INFO Terminal] WRITE: This runner will have the following labels: 'self-hosted', 'macOS', 'X64' 
Enter any additional labels (ex. label-1,label-2): 
[2024-03-19 22:44:43Z INFO Terminal] WRITE: [press Enter to skip] 
[2024-03-19 22:44:43Z INFO Terminal] READ LINE
[2024-03-19 22:45:00Z INFO Terminal] Read value: ''
[2024-03-19 22:45:00Z INFO Terminal] WRITE LINE: 
[2024-03-19 22:45:01Z INFO CommandSettings] Flag 'disableupdate': 'False'
[2024-03-19 22:45:01Z INFO CommandSettings] Flag 'no-default-labels': 'False'
[2024-03-19 22:45:01Z INFO CommandSettings] Flag 'disableupdate': 'False'
[2024-03-19 22:45:01Z INFO CommandSettings] Flag 'ephemeral': 'False'
[2024-03-19 22:45:01Z INFO ConfigurationStore] Saving OAuth credential @ /Users/oam/Downloads/School/Spring 2024/CSCI 3300/Software_Engineering_Project/actions-runner/.credentials
[2024-03-19 22:45:01Z INFO ConfigurationStore] Credentials Saved.
[2024-03-19 22:45:01Z INFO ConfigurationStore] HasCredentials()
[2024-03-19 22:45:01Z INFO ConfigurationStore] stored True
[2024-03-19 22:45:01Z INFO CredentialManager] GetCredentialProvider
[2024-03-19 22:45:01Z INFO CredentialManager] Creating type OAuth
[2024-03-19 22:45:01Z INFO CredentialManager] Creating credential type: OAuth
[2024-03-19 22:45:01Z INFO RSAFileKeyManager] Loading RSA key parameters from file /Users/oam/Downloads/School/Spring 2024/CSCI 3300/Software_Engineering_Project/actions-runner/.credentials_rsaparams
[2024-03-19 22:45:01Z INFO RunnerServer] EstablishVssConnection
[2024-03-19 22:45:01Z INFO RunnerServer] Establish connection with 100 seconds timeout.
[2024-03-19 22:45:01Z INFO GitHubActionsService] Starting operation Location.GetConnectionData
[2024-03-19 22:45:01Z INFO RunnerServer] EstablishVssConnection
[2024-03-19 22:45:01Z INFO RunnerServer] Establish connection with 60 seconds timeout.
[2024-03-19 22:45:01Z INFO GitHubActionsService] Starting operation Location.GetConnectionData
[2024-03-19 22:45:01Z INFO RunnerServer] EstablishVssConnection
[2024-03-19 22:45:01Z INFO RunnerServer] Establish connection with 60 seconds timeout.
[2024-03-19 22:45:01Z INFO GitHubActionsService] Starting operation Location.GetConnectionData
[2024-03-19 22:45:01Z INFO GitHubActionsService] Finished operation Location.GetConnectionData
[2024-03-19 22:45:01Z INFO GitHubActionsService] Finished operation Location.GetConnectionData
[2024-03-19 22:45:01Z INFO GitHubActionsService] Finished operation Location.GetConnectionData
[2024-03-19 22:45:01Z INFO RSAFileKeyManager] Loading RSA key parameters from file /Users/oam/Downloads/School/Spring 2024/CSCI 3300/Software_Engineering_Project/actions-runner/.credentials_rsaparams
[2024-03-19 22:45:01Z INFO RSAFileKeyManager] Loading RSA key parameters from file /Users/oam/Downloads/School/Spring 2024/CSCI 3300/Software_Engineering_Project/actions-runner/.credentials_rsaparams
[2024-03-19 22:45:03Z INFO GitHubActionsService] AAD Correlation ID for this token request: Unknown
[2024-03-19 22:45:03Z INFO CommandSettings] Arg 'work': ''
[2024-03-19 22:45:03Z INFO CommandSettings] Flag 'unattended': 'False'
[2024-03-19 22:45:03Z INFO PromptManager] ReadValue
[2024-03-19 22:45:03Z INFO Terminal] WRITE: Enter name of work folder: 
[2024-03-19 22:45:03Z INFO Terminal] WRITE: [press Enter for _work] 
[2024-03-19 22:45:03Z INFO Terminal] READ LINE
[2024-03-19 22:45:16Z INFO Terminal] Read value: ''
[2024-03-19 22:45:16Z INFO PromptManager] Falling back to the default: '_work'
[2024-03-19 22:45:16Z INFO ConfigurationStore] Saving runner settings.
[2024-03-19 22:45:16Z INFO ConfigurationStore] Settings Saved.
[2024-03-19 22:45:16Z INFO Terminal] WRITE LINE: 
[2024-03-19 22:45:16Z INFO Terminal] WRITE LINE: 
[2024-03-19 22:45:16Z INFO OsxServiceControlManager] Service name 'actions.runner.oam67-Software_Engineering_Project.Oams-MacBook-Air' display name 'GitHub Actions Runner (oam67-Software_Engineering_Project.Oams-MacBook-Air)' will be used for service configuration.
[2024-03-19 22:45:16Z INFO HostContext] Well known directory 'Bin': '/Users/oam/Downloads/School/Spring 2024/CSCI 3300/Software_Engineering_Project/actions-runner/bin'
[2024-03-19 22:45:16Z INFO HostContext] Well known directory 'Root': '/Users/oam/Downloads/School/Spring 2024/CSCI 3300/Software_Engineering_Project/actions-runner'
[2024-03-19 22:45:16Z INFO HostContext] Well known directory 'Bin': '/Users/oam/Downloads/School/Spring 2024/CSCI 3300/Software_Engineering_Project/actions-runner/bin'
[2024-03-19 22:45:16Z INFO HostContext] Well known directory 'Bin': '/Users/oam/Downloads/School/Spring 2024/CSCI 3300/Software_Engineering_Project/actions-runner/bin'
[2024-03-19 22:45:16Z INFO HostContext] Well known directory 'Root': '/Users/oam/Downloads/School/Spring 2024/CSCI 3300/Software_Engineering_Project/actions-runner'
[2024-03-19 22:45:16Z INFO UnixUtil] Which: 'chmod'
[2024-03-19 22:45:16Z INFO UnixUtil] Location: '/bin/chmod'
[2024-03-19 22:45:16Z INFO UnixUtil] Running /bin/chmod 755 "/Users/oam/Downloads/School/Spring 2024/CSCI 3300/Software_Engineering_Project/actions-runner/svc.sh"
[2024-03-19 22:45:16Z INFO ProcessInvokerWrapper] Starting process:
[2024-03-19 22:45:16Z INFO ProcessInvokerWrapper]   File name: '/bin/chmod'
[2024-03-19 22:45:16Z INFO ProcessInvokerWrapper]   Arguments: '755 "/Users/oam/Downloads/School/Spring 2024/CSCI 3300/Software_Engineering_Project/actions-runner/svc.sh"'
[2024-03-19 22:45:16Z INFO ProcessInvokerWrapper]   Working directory: '/Users/oam/Downloads/School/Spring 2024/CSCI 3300/Software_Engineering_Project/actions-runner'
[2024-03-19 22:45:16Z INFO ProcessInvokerWrapper]   Require exit code zero: 'True'
[2024-03-19 22:45:16Z INFO ProcessInvokerWrapper]   Encoding web name:  ; code page: ''
[2024-03-19 22:45:16Z INFO ProcessInvokerWrapper]   Force kill process on cancellation: 'False'
[2024-03-19 22:45:16Z INFO ProcessInvokerWrapper]   Redirected STDIN: 'False'
[2024-03-19 22:45:16Z INFO ProcessInvokerWrapper]   Persist current code page: 'False'
[2024-03-19 22:45:16Z INFO ProcessInvokerWrapper]   Keep redirected STDIN open: 'False'
[2024-03-19 22:45:16Z INFO ProcessInvokerWrapper]   High priority process: 'False'
[2024-03-19 22:45:16Z INFO ProcessInvokerWrapper] Process started with process id 68632, waiting for process exit.
[2024-03-19 22:45:16Z INFO ProcessInvokerWrapper] STDOUT/STDERR stream read finished.
[2024-03-19 22:45:16Z INFO ProcessInvokerWrapper] STDOUT/STDERR stream read finished.
[2024-03-19 22:45:16Z INFO ProcessInvokerWrapper] Finished process 68632 with exit code 0, and elapsed time 00:00:00.0278156.
[2024-03-19 22:45:16Z INFO Listener] Runner execution has finished with return code 0
